<?xml version="1.0" encoding="UTF-8"?>
<!-- Generated by org.testng.reporters.JUnitReportReporter -->
<testsuite hostname="DESKTOP-BKQF639" failures="0" tests="1" name="testCases.TC008_VerifyProductDetailPage" time="5.294" errors="0" timestamp="2025-07-24T16:34:58 IST" skipped="0">
  <testcase classname="testCases.TC008_VerifyProductDetailPage" name="verifyContactUsFormSubmission" time="5.294"/>
</testsuite> <!-- testCases.TC008_VerifyProductDetailPage -->
