<?xml version="1.0" encoding="UTF-8"?>
<!-- Generated by org.testng.reporters.JUnitReportReporter -->
<testsuite hostname="DESKTOP-BKQF639" failures="0" tests="1" name="testCases.TC007_VerifyTestCasesPages" time="1.914" errors="0" timestamp="2025-07-23T17:35:48 IST" skipped="0">
  <testcase classname="testCases.TC007_VerifyTestCasesPages" name="verifyContactUsFormSubmission" time="1.914"/>
</testsuite> <!-- testCases.TC007_VerifyTestCasesPages -->
