<?xml version="1.0" encoding="UTF-8"?>
<!-- Generated by org.testng.reporters.JUnitReportReporter -->
<testsuite hostname="DESKTOP-BKQF639" failures="0" tests="1" name="testCases.TC006_ContactUsForm" time="3.792" errors="0" timestamp="2025-07-23T17:25:47 IST" skipped="0">
  <testcase classname="testCases.TC006_ContactUsForm" name="verifyContactUsFormSubmission" time="3.792"/>
</testsuite> <!-- testCases.TC006_ContactUsForm -->
