<?xml version="1.0" encoding="UTF-8"?>
<!-- Generated by org.testng.reporters.JUnitReportReporter -->
<testsuite hostname="DESKTOP-BKQF639" failures="0" tests="1" name="testCases.TC005_RegisterUserWithExistingEmail" time="2.953" errors="0" timestamp="2025-07-23T20:51:32 IST" skipped="0">
  <testcase classname="testCases.TC005_RegisterUserWithExistingEmail" name="verify_account_registration" time="2.953"/>
</testsuite> <!-- testCases.TC005_RegisterUserWithExistingEmail -->
