<?xml version="1.0" encoding="UTF-8"?>
<!-- Generated by org.testng.reporters.JUnitReportReporter -->
<testsuite hostname="DESKTOP-BKQF639" failures="0" tests="2" name="testCases.TC001_RegisterUser" time="27.229" errors="0" timestamp="2025-07-23T13:16:52 IST" skipped="0">
  <testcase classname="testCases.TC001_RegisterUser" name="verify_account_registration" time="20.720"/>
  <testcase classname="testCases.TC001_RegisterUser" name="verify_login_with_same_credentials" time="6.509"/>
</testsuite> <!-- testCases.TC001_RegisterUser -->
