<?xml version="1.0" encoding="UTF-8"?>
<!-- Generated by org.testng.reporters.JUnitReportReporter -->
<testsuite hostname="DESKTOP-BKQF639" failures="0" tests="1" name="testCases.TC010_VerifySubscriptionInHomePage" time="1.493" errors="0" timestamp="2025-07-24T20:53:08 IST" skipped="0">
  <testcase classname="testCases.TC010_VerifySubscriptionInHomePage" name="verify_account_registration" time="1.493"/>
</testsuite> <!-- testCases.TC010_VerifySubscriptionInHomePage -->
