<?xml version="1.0" encoding="UTF-8"?>
<!-- Generated by org.testng.reporters.JUnitReportReporter -->
<testsuite hostname="DESKTOP-BKQF639" failures="0" tests="1" name="testCases.TC004_LoginAndLogOut" time="7.246" errors="0" timestamp="2025-07-23T16:03:38 IST" skipped="0">
  <testcase classname="testCases.TC004_LoginAndLogOut" name="verify_loginAndLogOut" time="7.246"/>
</testsuite> <!-- testCases.TC004_LoginAndLogOut -->
