<?xml version="1.0" encoding="UTF-8"?>
<!-- Generated by org.testng.reporters.JUnitReportReporter -->
<testsuite hostname="DESKTOP-BKQF639" failures="0" tests="1" name="testCases.TC012_AddProductsinCart" time="16.832" errors="0" timestamp="2025-07-25T19:24:45 IST" skipped="0">
  <testcase classname="testCases.TC012_AddProductsinCart" name="AddMoreProductsinCart" time="16.832"/>
</testsuite> <!-- testCases.TC012_AddProductsinCart -->
