<?xml version="1.0" encoding="UTF-8"?>
<!-- Generated by org.testng.reporters.JUnitReportReporter -->
<testsuite hostname="DESKTOP-BKQF639" failures="0" tests="1" name="testCases.TC002_LoginUserWithCorrectEmailandPassword" time="1.832" errors="0" timestamp="2025-07-23T12:46:13 IST" skipped="0">
  <testcase classname="testCases.TC002_LoginUserWithCorrectEmailandPassword" name="verify_login" time="1.832"/>
</testsuite> <!-- testCases.TC002_LoginUserWithCorrectEmailandPassword -->
