<?xml version="1.0" encoding="UTF-8"?>
<!-- Generated by org.testng.reporters.JUnitReportReporter -->
<testsuite hostname="DESKTOP-BKQF639" failures="0" tests="1" name="testCases.TC012_13_AddProductsinCart" time="0.013" errors="0" timestamp="2025-07-26T12:33:28 IST" skipped="0">
  <testcase classname="testCases.TC012_13_AddProductsinCart" name="AddMoreProductsinCart" time="0.013"/>
</testsuite> <!-- testCases.TC012_13_AddProductsinCart -->
